Determining if the Q_WS_WIN exist failed with the following output:
Change Dir: /home/leno/HFO/build/soccerwindow2-prefix/src/soccerwindow2-build/CMakeFiles/CMakeTmp

Run Build Command:"/usr/bin/make" "cmTryCompileExec1601231047/fast"
make[3]: Entering directory `/home/leno/HFO/build/soccerwindow2-prefix/src/soccerwindow2-build/CMakeFiles/CMakeTmp'
/usr/bin/make -f CMakeFiles/cmTryCompileExec1601231047.dir/build.make CMakeFiles/cmTryCompileExec1601231047.dir/build
make[4]: Entering directory `/home/leno/HFO/build/soccerwindow2-prefix/src/soccerwindow2-build/CMakeFiles/CMakeTmp'
/usr/bin/cmake -E cmake_progress_report /home/leno/HFO/build/soccerwindow2-prefix/src/soccerwindow2-build/CMakeFiles/CMakeTmp/CMakeFiles 1
Building CXX object CMakeFiles/cmTryCompileExec1601231047.dir/CheckSymbolExists.cxx.o
/usr/bin/c++    -I/home/leno/.conda/envs/leno/include/qt    -o CMakeFiles/cmTryCompileExec1601231047.dir/CheckSymbolExists.cxx.o -c /home/leno/HFO/build/soccerwindow2-prefix/src/soccerwindow2-build/CMakeFiles/CMakeTmp/CheckSymbolExists.cxx
/home/leno/HFO/build/soccerwindow2-prefix/src/soccerwindow2-build/CMakeFiles/CMakeTmp/CheckSymbolExists.cxx: In function ‘int main(int, char**)’:
/home/leno/HFO/build/soccerwindow2-prefix/src/soccerwindow2-build/CMakeFiles/CMakeTmp/CheckSymbolExists.cxx:8:19: error: ‘Q_WS_WIN’ was not declared in this scope
   return ((int*)(&Q_WS_WIN))[argc];
                   ^
make[4]: *** [CMakeFiles/cmTryCompileExec1601231047.dir/CheckSymbolExists.cxx.o] Error 1
make[4]: Leaving directory `/home/leno/HFO/build/soccerwindow2-prefix/src/soccerwindow2-build/CMakeFiles/CMakeTmp'
make[3]: Leaving directory `/home/leno/HFO/build/soccerwindow2-prefix/src/soccerwindow2-build/CMakeFiles/CMakeTmp'
make[3]: *** [cmTryCompileExec1601231047/fast] Error 2

File /home/leno/HFO/build/soccerwindow2-prefix/src/soccerwindow2-build/CMakeFiles/CMakeTmp/CheckSymbolExists.cxx:
/* */
#include <QtCore/qglobal.h>

int main(int argc, char** argv)
{
  (void)argv;
#ifndef Q_WS_WIN
  return ((int*)(&Q_WS_WIN))[argc];
#else
  (void)argc;
  return 0;
#endif
}

Determining if the Q_WS_QWS exist failed with the following output:
Change Dir: /home/leno/HFO/build/soccerwindow2-prefix/src/soccerwindow2-build/CMakeFiles/CMakeTmp

Run Build Command:"/usr/bin/make" "cmTryCompileExec1271596289/fast"
make[3]: Entering directory `/home/leno/HFO/build/soccerwindow2-prefix/src/soccerwindow2-build/CMakeFiles/CMakeTmp'
/usr/bin/make -f CMakeFiles/cmTryCompileExec1271596289.dir/build.make CMakeFiles/cmTryCompileExec1271596289.dir/build
make[4]: Entering directory `/home/leno/HFO/build/soccerwindow2-prefix/src/soccerwindow2-build/CMakeFiles/CMakeTmp'
/usr/bin/cmake -E cmake_progress_report /home/leno/HFO/build/soccerwindow2-prefix/src/soccerwindow2-build/CMakeFiles/CMakeTmp/CMakeFiles 1
Building CXX object CMakeFiles/cmTryCompileExec1271596289.dir/CheckSymbolExists.cxx.o
/usr/bin/c++    -I/home/leno/.conda/envs/leno/include/qt    -o CMakeFiles/cmTryCompileExec1271596289.dir/CheckSymbolExists.cxx.o -c /home/leno/HFO/build/soccerwindow2-prefix/src/soccerwindow2-build/CMakeFiles/CMakeTmp/CheckSymbolExists.cxx
/home/leno/HFO/build/soccerwindow2-prefix/src/soccerwindow2-build/CMakeFiles/CMakeTmp/CheckSymbolExists.cxx: In function ‘int main(int, char**)’:
/home/leno/HFO/build/soccerwindow2-prefix/src/soccerwindow2-build/CMakeFiles/CMakeTmp/CheckSymbolExists.cxx:8:19: error: ‘Q_WS_QWS’ was not declared in this scope
   return ((int*)(&Q_WS_QWS))[argc];
                   ^
make[4]: Leaving directory `/home/leno/HFO/build/soccerwindow2-prefix/src/soccerwindow2-build/CMakeFiles/CMakeTmp'
make[4]: *** [CMakeFiles/cmTryCompileExec1271596289.dir/CheckSymbolExists.cxx.o] Error 1
make[3]: Leaving directory `/home/leno/HFO/build/soccerwindow2-prefix/src/soccerwindow2-build/CMakeFiles/CMakeTmp'
make[3]: *** [cmTryCompileExec1271596289/fast] Error 2

File /home/leno/HFO/build/soccerwindow2-prefix/src/soccerwindow2-build/CMakeFiles/CMakeTmp/CheckSymbolExists.cxx:
/* */
#include <QtCore/qglobal.h>

int main(int argc, char** argv)
{
  (void)argv;
#ifndef Q_WS_QWS
  return ((int*)(&Q_WS_QWS))[argc];
#else
  (void)argc;
  return 0;
#endif
}

Determining if the Q_WS_MAC exist failed with the following output:
Change Dir: /home/leno/HFO/build/soccerwindow2-prefix/src/soccerwindow2-build/CMakeFiles/CMakeTmp

Run Build Command:"/usr/bin/make" "cmTryCompileExec4278708370/fast"
make[3]: Entering directory `/home/leno/HFO/build/soccerwindow2-prefix/src/soccerwindow2-build/CMakeFiles/CMakeTmp'
/usr/bin/make -f CMakeFiles/cmTryCompileExec4278708370.dir/build.make CMakeFiles/cmTryCompileExec4278708370.dir/build
make[4]: Entering directory `/home/leno/HFO/build/soccerwindow2-prefix/src/soccerwindow2-build/CMakeFiles/CMakeTmp'
/usr/bin/cmake -E cmake_progress_report /home/leno/HFO/build/soccerwindow2-prefix/src/soccerwindow2-build/CMakeFiles/CMakeTmp/CMakeFiles 1
Building CXX object CMakeFiles/cmTryCompileExec4278708370.dir/CheckSymbolExists.cxx.o
/usr/bin/c++    -I/home/leno/.conda/envs/leno/include/qt    -o CMakeFiles/cmTryCompileExec4278708370.dir/CheckSymbolExists.cxx.o -c /home/leno/HFO/build/soccerwindow2-prefix/src/soccerwindow2-build/CMakeFiles/CMakeTmp/CheckSymbolExists.cxx
/home/leno/HFO/build/soccerwindow2-prefix/src/soccerwindow2-build/CMakeFiles/CMakeTmp/CheckSymbolExists.cxx: In function ‘int main(int, char**)’:
/home/leno/HFO/build/soccerwindow2-prefix/src/soccerwindow2-build/CMakeFiles/CMakeTmp/CheckSymbolExists.cxx:8:19: error: ‘Q_WS_MAC’ was not declared in this scope
   return ((int*)(&Q_WS_MAC))[argc];
                   ^
make[4]: Leaving directory `/home/leno/HFO/build/soccerwindow2-prefix/src/soccerwindow2-build/CMakeFiles/CMakeTmp'
make[4]: *** [CMakeFiles/cmTryCompileExec4278708370.dir/CheckSymbolExists.cxx.o] Error 1
make[3]: Leaving directory `/home/leno/HFO/build/soccerwindow2-prefix/src/soccerwindow2-build/CMakeFiles/CMakeTmp'
make[3]: *** [cmTryCompileExec4278708370/fast] Error 2

File /home/leno/HFO/build/soccerwindow2-prefix/src/soccerwindow2-build/CMakeFiles/CMakeTmp/CheckSymbolExists.cxx:
/* */
#include <QtCore/qglobal.h>

int main(int argc, char** argv)
{
  (void)argv;
#ifndef Q_WS_MAC
  return ((int*)(&Q_WS_MAC))[argc];
#else
  (void)argc;
  return 0;
#endif
}

