Namespace(agent1='AdHocTDAction', agent10='Dummy', agent11='Dummy', agent2='AdHocTDAction', agent3='AdHocTDAction', agent4='Dummy', agent5='Dummy', agent6='Dummy', agent7='Dummy', agent8='Dummy', agent9='Dummy', evaluation_duration=100, evaluation_interval=20, learning_trials=5000, log_file='/home/leno/HFO/log/', number_agents=3, number_trial=46, port=18945, seed=12345, server_path='/home/leno/HFO/bin/')
***** Loading agent implementations
AgentName: AdHocTDAction
Creating agent
OK Agent
AgentName: AdHocTDAction
Creating agent
OK Agent
AgentName: AdHocTDAction
Creating agent
OK Agent
***** %s: Agents online --> %s
Agent Classes OK
******Connecting agent 0****
***** Connecting to HFO server on port 18945
******************************************************************
 librcsc 4.1.0
 Copyright 2000 - 2007. Hidehisa Akiyama.
 Copyright 2007 - 2011. Hidehisa Akiyama and Hiroki Shimora
 All rights reserved.
******************************************************************
base_left 7: [0, 6]  see synch.
******Connecting agent 1****
***** Connecting to HFO server on port 18945
******************************************************************
 librcsc 4.1.0
 Copyright 2000 - 2007. Hidehisa Akiyama.
 Copyright 2007 - 2011. Hidehisa Akiyama and Hiroki Shimora
 All rights reserved.
******************************************************************
base_left 8: [0, 7]  see synch.
******Connecting agent 2****
***** Connecting to HFO server on port 18945
******************************************************************
 librcsc 4.1.0
 Copyright 2000 - 2007. Hidehisa Akiyama.
 Copyright 2007 - 2011. Hidehisa Akiyama and Hiroki Shimora
 All rights reserved.
******************************************************************
base_left 11: [0, 7]  see synch.
Feature Feature 11 Violated Feature Bounds:  Violated Feature Bounds: -24-21 Expected min/max: [ Expected min/max: [-5.25-5.25, , 57.7557.75]]

Feature 7 Violated Feature Bounds: Feature 7 Violated Feature Bounds: 84.9779 Expected min/max: [082.2876,  Expected min/max: [0, 62.548]
Feature 10 Violated Feature Bounds: 79.177 Expected min/max: [0, 62.548]
Feature 13 Violated Feature Bounds: 81.8413 Expected min/max: [0, 62.548]
Feature 1Feature  Violated Feature Bounds: 14 Violated Feature Bounds: 89.9611 Expected min/max: [-33 Expected min/max: [0, -5.25, 62.548]
Feature 23 Violated Feature Bounds: 79.177 Expected min/max: [0, 62.548]
57.75]
Feature 7 Violated Feature Bounds: 93.1625 Expected min/max: [0, 62.548]
Feature 10 Violated Feature Bounds: 89.9611 Expected min/max: [0, 62.548]
Feature 13 Violated Feature Bounds: 79.177 Expected min/max: [0, 62.548]
Feature 14 Violated Feature Bounds: 81.8413 Expected min/max: [0, 62.548]
Feature 23 Violated Feature Bounds: 89.9611 Expected min/max: [0, 62.548]
62.548]
Feature 10 Violated Feature Bounds: 81.8413 Expected min/max: [0, 62.548]
Feature 13 Violated Feature Bounds: 79.177 Expected min/max: [0, 62.548]
Feature 14 Violated Feature Bounds: 89.9611 Expected min/max: [0, 62.548]
Feature 23 Violated Feature Bounds: 81.8413 Expected min/max: [0, 62.548]
***** Problems while connecting? None
******Connected agent 0****
***** 7: Setting up eval log files
***** 7: Start training
***** Problems while connecting? None
******Connected agent 2****
***** 11: Setting up eval log files
***** 11: Start training
***** Problems while connecting? None
******Connected agent 1****
***** 8: Setting up eval log files
***** 8: Start training
Feature 20 Violated Feature Bounds: Feature 20 Violated Feature Bounds: 63.0366 Expected min/max: [0, 63.0366 Expected min/max: [62.548]0, 
62.548]
Feature 20 Violated Feature Bounds: 63.0366 Expected min/max: [0, 62.548]
Feature 20 Violated Feature Bounds: 63.0366 Expected min/max: [0, 62.548]
Feature 20 Violated Feature Bounds: 63.0366 Expected min/max: [0, 62.548]
Feature 20 Violated Feature Bounds: 63.0366 Expected min/max: [0, 62.548]
Feature 20 Violated Feature Bounds: 63.0366 Expected min/max: [0, 62.548]
Feature 20 Violated Feature Bounds: 63.0366 Expected min/max: [0, 62.548]
Feature 20 Violated Feature Bounds: 62.6012 Expected min/max: [0, 62.548]
Feature 20 Violated Feature Bounds: 62.6012 Expected min/max: [0, 62.548]
Feature 17 Violated Feature Bounds: 62.9123 Expected min/max: [0, 62.548]
Feature 17 Violated Feature Bounds: 62.9123 Expected min/max: [0, 62.548]
Feature Feature 1717 Violated Feature Bounds:  Violated Feature Bounds: 62.912362.9123 Expected min/max: [ Expected min/max: [00, , 62.54862.548]]

Feature Feature 1717 Violated Feature Bounds:  Violated Feature Bounds: 62.912362.9123 Expected min/max: [ Expected min/max: [00, , 62.548]62.548
]
Feature 17 Violated Feature Bounds: 62.9123 Expected min/max: [0, 62.548]
Feature 17 Violated Feature Bounds: 62.9123 Expected min/max: [0, 62.548]
Feature 17 Violated Feature Bounds: 62.9725 Expected min/max: [0, 62.548]
Feature 20 Violated Feature Bounds: 62.9725 Expected min/max: [0, 62.548]
Feature 17 Violated Feature Bounds: 62.9725 Expected min/max: [0, 62.548]
Feature 20 Violated Feature Bounds: 62.9725 Expected min/max: [0, 62.548]
Feature 17 Violated Feature Bounds: 62.9725 Expected min/max: [0, 62.548]
Feature 20 Violated Feature Bounds: 62.9725 Expected min/max: [0, 62.548]
Feature 17 Violated Feature Bounds: 62.9725 Expected min/max: [0, 62.548Feature 17 Violated Feature Bounds: 63.5822 Expected min/max: [0, 62.548]
Fe***** 8: Shutting down agent
***** 8: Agent --> Agent: 8, Type: AdHoc, Training steps: 464912, Q-Table size: 2626
***** 11: Shutting down agent
***** 11: Agent --> Agent: 11, Type: AdHoc, Training steps: 464912, Q-Table size: 3065
***** 7: Shutting down agent
***** 7: Agent --> Agent: 7, Type: AdHoc, Training steps: 464912, Q-Table size: 2698
Namespace(agent1='AdHocTDAction', agent10='Dummy', agent11='Dummy', agent2='AdHocTDAction', agent3='AdHocTDAction', agent4='Dummy', agent5='Dummy', agent6='Dummy', agent7='Dummy', agent8='Dummy', agent9='Dummy', evaluation_duration=100, evaluation_interval=20, learning_trials=5000, log_file='/home/leno/HFO/log/', number_agents=3, number_trial=37, port=16945, seed=12345, server_path='/home/leno/HFO/bin/')
***** Loading agent implementations
AgentName: AdHocTDAction
Creating agent
OK Agent
AgentName: AdHocTDAction
Creating agent
OK Agent
AgentName: AdHocTDAction
Creating agent
OK Agent
***** 8: Shutting down agent
***** 8: Agent --> Agent: 8, Type: AdHoc, Training steps: 467019, Q-Table size: 2562
***** 7: Shutting down agent
***** 7: Agent --> Agent: 7, Type: AdHoc, Training steps: 467019, Q-Table size: 2612
***** 11: Shutting down agent
***** 11: Agent --> Agent: 11, Type: AdHoc, Training steps: 467019, Q-Table size: 2966
Namespace(agent1='AdHocTDAction', agent10='Dummy', agent11='Dummy', agent2='AdHocTDAction', agent3='AdHocTDAction', agent4='Dummy', agent5='Dummy', agent6='Dummy', agent7='Dummy', agent8='Dummy', agent9='Dummy', evaluation_duration=100, evaluation_interval=20, learning_trials=5000, log_file='/home/leno/HFO/log/', number_agents=3, number_trial=47, port=18945, seed=12345, server_path='/home/leno/HFO/bin/')
***** Loading agent implementations
AgentName: AdHocTDAction
Creating agent
OK Agent
AgentName: AdHocTDAction
Creating agent
OK Agent
AgentName: AdHocTDAction
Creating agent
OK Agent
***** %s: Agents online --> %s
Agent Classes OK
******Connecting agent 0****
***** Connecting to HFO server on port 18945
******************************************************************
 librcsc 4.1.0
 Copyright 2000 - 2007. Hidehisa Akiyama.
 Copyright 2007 - 2011. Hidehisa Akiyama and Hiroki Shimora
 All rights reserved.
******************************************************************
base_left 7: [0, 5]  see synch.
******Connecting agent 1****
***** Connecting to HFO server on port 18945
******************************************************************
 librcsc 4.1.0
 Copyright 2000 - 2007. Hidehisa Akiyama.
 Copyright 2007 - 2011. Hidehisa Akiyama and Hiroki Shimora
 All rights reserved.
******************************************************************
base_left 8: [0, 5]  see synch.
******Connecting agent 2****
***** Connecting to HFO server on port 18945
******************************************************************
 librcsc 4.1.0
 Copyright 2000 - 2007. Hidehisa Akiyama.
 Copyright 2007 - 2011. Hidehisa Akiyama and Hiroki Shimora
 All rights reserved.
******************************************************************
base_left 11: [0, 7]  see synch.
Feature 1 Violated Feature Bounds: -21 Expected min/max: [-5.25, 57.75]
Feature 7 Violated Feature Bounds: 82.2876 Expected min/max: [0, 62.548]
Feature 10 Violated Feature Bounds: 79.177 Expected min/max: [0, 62.548]
Feature 13 Violated Feature Bounds: 81.8413 Expected min/max: [0, 62.548]
Feature 14 Violated Feature Bounds: 89.9611 Expected min/max: [0, 62.548]
Feature 23 Violated Feature Bounds: 79.177 Expected min/max: [0, 62.548]
Feature 1 Violated Feature Bounds: -33 Expected min/max: [-5.25, 57.75]
Feature 7 Violated Feature Bounds: 93.1625 Expected min/max: [0, 62.548]
Feature 10 Violated Feature Bounds: 89.9611 Expected min/max: [0, 62.548]
Feature 13 Violated Feature Bounds: 79.177 Expected min/max: [0, 62.548]
Feature 14 Violated Feature Bounds: 81.8413 Expected min/max: [0, 62.548]
Feature 23 Violated Feature Bounds: 89.9611 Expected min/max: [0, 62.548]
Feature 1 Violated Feature Bounds: -24 Expected min/max: [-5.25, 57.75]
Feature 7 Violated Feature Bounds: 84.9779 Expected min/max: [0, 62.548]
Feature 10 Violated Feature Bounds: 81.8413 Expected min/max: [0, 62.548]
Feature 13 Violated Feature Bounds: 79.177 Expected min/max: [0, 62.548]
Feature 14 Violated Feature Bounds: 89.9611 Expected min/max: [0, 62.548]
Feature 23 Violated Feature Bounds: 81.8413 Expected min/max: [0, 62.548]
Feature 1 Violated Feature Bounds: -21 Expected min/max: [-5.25, 57.75]
Feature 7 Violated Feature Bounds: 82.2876 Expected min/max: [0, 62.548]
Feature 10 Violated Feature Bounds: 79.177 Expected min/max: [0, 62.548]
Feature 13 Violated Feature Bounds: 81.8413 Expected min/max: [0, 62.548]
Feature 14 Violated Feature Bounds: 89.9611 Expected min/max: [0, 62.548]
Feature 23 Violated Feature Bounds: 79.177 Expected min/max: [0, 62.548]
***** Problems while connecting? None
Feature 1 Violated Feature Bounds: -24 Expected min/max: [-5.25, 57.75]
******Connected agent 0****
Feature 7 Violated Feature Bounds: 84.9779 Expected min/***** Problems while connecting? None
******Connected agent 2****
***** 11: Setting up eval log files
***** 11: Start training
Feature 17 Violated Feature Bounds: 62.8545 Expected min/max: [0, 62.548]
Feature 17 Violated Feature Bounds: 62.8545 Expected min/max: [0, 62.548]
Feature 17 Violated Feature Bounds: 62.8545 Expected min/max: [0, 62.548]
Feature 17 Violated Feature Bounds: 62.8545 Expected min/max: [0, 62.548]
Feature 17 Violated Feature Bounds: 62.8545 Expected min/max: [0, 62.548]
Feature 17 Violated Feature Bounds: 62.8545 Expected min/max: [0, 62.548]
Feature 17 Violated Feature Bounds: 62.8545 Expected min/max: [0, 62.548]
Feature 17 Violated Feature Bounds: 62.8545 Expected min/max: [0, 62.548]
Feature 1 Violated Feature Bounds: -5.31979 Expected min/max: [-5.25, 57.75]
Feature 17 Violated Fe***** Problems while connecting? None
******Connected agent 2****
***** 11: Setting up eval log files
***** 11: Start training
***** 8: Setting up eval log files
***** 8: Start training
***** 7: Setting up eval log files
***** 7: Start training
Feature 20 Violated Feature Bounds: 63.3063 Expected min/max: [0, 62.548]
Feature 20 Violated Feature Bounds: 63.3063 Expected min/max: [0, 62.548]
Feature 20 Violated Feature Bounds: 63.3063 Expected min/max: [0, 62.548]
Feature 20 Violated Feature Bounds: 63.3063 Expected min/max: [0, 62.548]
Feature 20 Violated Feature Bounds: 63.3063 Expected min/max: [0, 62.548]
Feature 20 Violated Feature Bounds: 63.3063 Expected min/max: [0, 62.548]
Feature 20 Violated Feature BFeature 1 Violated Feature Bounds: -5.34268 Expected min/max: [-5.25, 57.75]
Feature 1 Violated Feature Bounds: -5.80815 Expected min/max: [-5.25, 57.75]
Feature 7 Violated Feature Bounds: 62.6838 Expected min/max: [0, 62.548]
Feature 1 Violated Feature Bounds: -5.98138 Expected min/max: [-5.25, 57.75]
Feature 7 Violated Feature Bounds: 62.8807 Expected min/max: [0, 62.548]
Feature 1 Violated Feature Bounds: -6.05309 Expected min/max: [-5.25, 57.75]
Feature 7 Violated Feature Bounds: 62.9615 Expected min/max: [0, 62.548]
Feature 1 Violated Feature Bounds: -5.88622 Expected min/max: [-5.25, 57.75]
Feature 7 Violated Feature Bounds: 62.8814 Expected min/max: [0, 62.548]
Feature 1 Violated Feature Bounds: -5.81617 Expected min/max: [-5.25, 57.75]
Feature 7 Violated Feature Bounds: 62.843 Expected min/max: [0, 62.548]
Feature 1 Violated Feature Bounds: -5.78857 Expected min/max: [-5.25, 57.75]
Feature 7 Violated Feature Bounds: 62.8288 Expected min/max: [0, 62.548]
Feature 1 Violated Feature Bounds: -5.90817 Expected min/max: [-5.25, 57.75]
Feature 7 Violated Feature Bounds: 62.9893 Expected min/max: [0, 62.548]
Feature 1 Violated Feature Bounds: -5.95213 Expected min/max: [-5.25, 57.75]
Feature 7 Violated Feature Bounds: 63.0491 Expected min/max: [0, 62.548]
Feature 1 Violated Feature Bounds: -5.96966 Expected min/max: [-5.25, 57.75]
Feature 7 Violated Feature Bounds: 63.073 Expected min/max: [0, 62.548]
Feature 1 Violated Feature Bounds: -5.97765 Expected min/max: [-5.25, 57.75]
Feature 7 Violated Feature Bounds: 63.0834 Expected min/max: [0, 62.548]
Feature 1 Violated Feature Bounds: -5.98071 Expected min/max: [-5.25, 57.75]
Feature 7 Violated Feature Bounds: 63.0874 Expected min/max: [0, 62.548]
ted min/max: [0, 62.548]
Feature 20 Violated Feature Bounds: 62.95 Expected min/max: [0, 62.548]
Feature 20 Violated Feature Bounds: 62.95 Expected min/max: [0, 62.548]
Feature 20 Violated Feature Bounds: 62.95 Expected min/max: [0, 62.548]
Feature 20 Violated Feature Bounds: 62.95 Expected min/max: [0, 62.548]
Feature 20 Violated Feature Bounds: 62.95 Expected min/max: [0, 62.548]
Feature 20 Violated Feature Bounds: 62.95 Expected min/max: [0, 62.548]
Feature 20 Violated Feature Bounds: 62.95 Expected min/max: [0, 62.548]
