Namespace(agent1='AdHocVisitAction', agent10='Dummy', agent11='Dummy', agent2='AdHocVisitAction', agent3='AdHocVisitAction', agent4='Dummy', agent5='Dummy', agent6='Dummy', agent7='Dummy', agent8='Dummy', agent9='Dummy', evaluation_duration=100, evaluation_interval=20, learning_trials=5000, log_file='/home/leno/HFO/log/', number_agents=3, number_trial=41, port=17445, seed=12345, server_path='/home/leno/HFO/bin/')
***** Loading agent implementations
AgentName: AdHocVisitAction
Creating agent
OK Agent
AgentName: AdHocVisitAction
Creating agent
OK Agent
AgentName: AdHocVisitAction
Creating agent
OK Agent
***** %s: Agents online --> %s
Agent Classes OK
******Connecting agent 0****
***** Connecting to HFO server on port 17445
******************************************************************
 librcsc 4.1.0
 Copyright 2000 - 2007. Hidehisa Akiyama.
 Copyright 2007 - 2011. Hidehisa Akiyama and Hiroki Shimora
 All rights reserved.
******************************************************************
base_left 7: [0, 7]  see synch.
******Connecting agent 1****
***** Connecting to HFO server on port 17445
******************************************************************
 librcsc 4.1.0
 Copyright 2000 - 2007. Hidehisa Akiyama.
 Copyright 2007 - 2011. Hidehisa Akiyama and Hiroki Shimora
 All rights reserved.
******************************************************************
base_left 8: [0, 7]  see synch.
******Connecting agent 2****
***** Connecting to HFO server on port 17445
******************************************************************
 librcsc 4.1.0
 Copyright 2000 - 2007. Hidehisa Akiyama.
 Copyright 2007 - 2011. Hidehisa Akiyama and Hiroki Shimora
 All rights reserved.
******************************************************************
base_left 11: [0, 6]  see synch.
Feature Feature 11 Violated Feature Bounds:  Violated Feature Bounds: -21 Expected min/max: [-33 Expected min/max: [-5.25, -5.25, 57.75]57.75
]
Feature 7 Violated Feature Bounds: 93.1625 Expected min/max: [0, 62.548]
Feature Feature 10 Violated Feature Bounds: 1 Violated Feature Bounds: 89.9611 Expected min/max: [-24 Expected min/max: [0, -5.25, 62.548]
Feature 13 Violated Feature Bounds: 79.177 Expected min/max: [0, 62.548]
Feature 14 Violated Feature Bounds: 81.8413 Expected min/max: [0, 62.548]
Feature 23 Violated Feature Bounds: 89.9611 Expected min/max: [0, 62.548]
57.75]
Feature 7 Violated Feature Bounds: 84.9779 Expected min/max: [0, 62.548]
Feature 10 Violated Feature Bounds: 81.8413 Expected min/max: [0, 62.548]
Feature 13 Violated Feature Bounds: 79.177 Expected min/max: [0, 62.548]
Feature 14 Violated Feature Bounds: 89.9611 Expected min/max: [0, 62.548]
Feature 23 Violated Feature Bounds: 81.8413 Expected min/max: [0, 62.548]
Feature 7 Violated Feature Bounds: 82.2876 Expected min/max: [0, 62.548]
Feature 10 Violated Feature Bounds: 79.177 Expected min/max: [0, 62.548]
Feature 13 Violated Feature Bounds: 81.8413 Expected min/max: [0, 62.548]
Feature 14 Violated Feature Bounds: 89.9611 Expected min/max: [0, 62.548]
Feature 23 Violated Feature Bounds: 79.177 Expected min/max: [0, 62.548]
Feature 1 Violated Feature Bounds: -21 Expected min/max: [-5.25, 57.75]
Feature 1Feature 7 Violated Feature Bounds: 82.2876 Expected min/max: [0, 62.548]
Feature 10 Violated Feature Bounds: 79.177 Expected min/max: [0, 62.548]
Feature 13 Violated Feature Bounds: 81.8413 Expected min/max: [0, 62.548]
Feature 14 Violated Feature Bounds: 89.9611 Expected min/max: [0, 62.548]
Feature 23 Violated Feature Bounds: 79.177 Expected min/max: [0, 62.548]
 Violated Feature Bounds: -24 Expected min/max: [-5.25, 57.75]
Feature 7 Violated Feature Bounds: 84.9779 Expected min/max: [0, 62.548]
Feature 10 Violated Feature Bounds: 81.8413 Expected min/max: [0, 62.548]
Feature 13 Violated Feature Bounds: 79.177 Expected min/max: [0, 62.548]
Feature 14 Violated Feature Bounds: 89.9611 Expected min/max: [0, 62.548]
Feature 23 Violated Feature Bounds: 81.8413 Expected min/max: [0, 62.548]
***** Problems while connecting? None
******Connected agent 0****
Feature 1 Violated Feature Bounds: -33 Expected min/max: [-5.25, 57.75]
Feature 7 Violated Feature Bounds: 93.1625 Expected min/max: [0, 62.548]
Feature ***** Problems while connecting? None10 Violated Feature Bounds: 89.9611 Expected min/max: [0, 
62.548]
Feature 13 Violated Feature Bounds: 79.177 Expected min/max: [0, 62.548]
Feature 14 Violated Feature Bounds: 81.8413 Expected min/max: [0, 62.548]
******Connected agent 1****Feature 23 Violated Feature Bounds: 
89.9611 E********Connected agent 2****
***** 8: Setting up eval log files***** Problems while connecting? None

******Connected agent 0****
***** 11: Setting up eval log files
 ***** 8: Start training
***** 7: Setting up eval log files
***** 7: Start training
***** 11: Start traininFeFeature 20 Violated Feature Bounds: 62.7879 Expected min/max: [0, 62.548]
Feature 20 Violated Feature Bounds: 62.7879 Expected min/max: [0, 62.548]
Feature 20 Violated Feature Bounds: 62.7879 Expected min/max: [0, 62.548]
Feature 20 Violated Feature Bounds: 62.7879 Expected min/max: [0, 62.548]
Feature 20 Violated Feature Bounds: 62.7879 Expected min/max: [0, 62.548]
Feature 20 Violated Feature Bounds: 62.7879 Expected min/max: [0, 62.548]
Feature 20 Violated Feature Bounds: 63.2088 Expected min/max: [0, 62.548]
Feature 20 Violated Feature Bounds: 63.2088 Expected min/max: [0, 62.548Feature 17 Violated Feature Bounds: 64.2059 Expected min/max: [0, 62.548]
Feature 20 Violated Feature Bounds: 64.2059 Expected min/max: [0, 62.548]
Feature 17 Violated Feature Bounds: 64.2059 Expected min/max: [0, 62.548]
Feature 20 Violated Feature Bounds: 64.2059 Expected min/max: [0, 62.548]
Feature 17 Violated Feature Bounds: 64.2059 Expected min/max: [0, 62.548]
Feature 20 Violated Feature Bounds: 64.2059 Expected min/max: [0, 62.548]
Feature 17 Violated Feature Bounds: 64.2059 Expected min/max: [0, 62.548]
Feature 20 Violated Feature Bounds: 64.2059 Expected min/max: [0, 62.548]
Feature 17 Violated Feature Bounds: 63.0277 Expected min/max: [0, 62.548]
Feature 17 Violated Feature Bounds: 63.0277 Expected min/max: [0, 62.548]
Feature 17 Violated Feature Bounds: 63.0277 Expected min/max: [0, 62.548]
Feature 17 Violated Feature Bounds: 63.0277 Expected min/max: [0, 62.548]
Feature 17 Violated Feature Bounds: 63.0277 Expected min/max: [0, 62.548]
Feature 17 Violated Feature Bounds: 63.0277 Expected min/max: [0, 62.548]
Feature 17 Violated Feature Bounds: 63.0277 Expected min/max: [0, 62.548]
Feature 17 Violated Feature Bounds: 63.0277 Expected min/max: [0, 62.548]
***** 11: Shutting down agent
***** 11: Agent --> Agent: 11, Type: AdHoc, Training steps: 474795, Q-Table size: 3045
***** 7: Shutting down agent
***** 7: Agent --> Agent: 7, Type: AdHoc, Training steps: 474795, Q-Table size: 2700
***** 8: Shutting down agent
***** 8: Agent --> Agent: 8, Type: AdHoc, Training steps: 474795, Q-Table size: 2596
Namespace(agent1='AdHocVisitAction', agent10='Dummy', agent11='Dummy', agent2='AdHocVisitAction', agent3='AdHocVisitAction', agent4='Dummy', agent5='Dummy', agent6='Dummy', agent7='Dummy', agent8='Dummy', agent9='Dummy', evaluation_duration=100, evaluation_interval=20, learning_trials=5000, log_file='/home/leno/HFO/log/', number_agents=3, number_trial=22, port=13445, seed=12345, server_path='/home/leno/HFO/bin/')
***** Loading agent implementations
AgentName: AdHocVisitAction
Creating agent
OK Agent
AgentName: AdHocVisitAction
Creating agent
OK Agent
AgentName: AdHocVisitAction
Creating agent
OK Agent
***** %s: Agents online --> %s
Agent Classes OK
******Connecting agent 0****
***** Connecting to HFO server on port 13445
******************************************************************
 librcsc 4.1.0
 Copyright 2000 - 2007. Hidehisa Akiyama.
 Copyright 2007 - 2011. Hidehisa Akiyama and Hiroki Shimora
 All rights reserved.
******************************************************************
base_left 7: [0, 7]  see synch.
******Connecting agent 1****
***** Connecting to HFO server on port 13445
******************************************************************
 librcsc 4.1.0
 Copyright 2000 - 2007. Hidehisa Akiyama.
 Copyright 2007 - 2011. Hidehisa Akiyama and Hiroki Shimora
 All rights reserved.
******************************************************************
base_left 8: [0, 7]  see synch.
******Connecting agent 2****
***** Connecting to HFO server on port 13445
******************************************************************
 librcsc 4.1.0
 Copyright 2000 - 2007. Hidehisa Akiyama.
 Copyright 2007 - 2011. Hidehisa Akiyama and Hiroki Shimora
 All rights reserved.
******************************************************************
base_left 11: [0, 7]  see synch.
Feature 1 Violated Feature Bounds: -21 Expected min/max: [-5.25, 57.75]
Feature 7 Violated Feature Bounds: 82.2876 Expected min/max: [0, 62.548]
Feature 10 Violated Feature Bounds: 79.177 Expected min/max: [0, 62.548]
Feature 13 Violated Feature Bounds: 81.8413 Expected min/max: [0, 62.548]
Feature 14 Violated Feature Bounds: 89.9611 Expected min/max: [0, 62.548]
Feature 23 Violated Feature Bounds: 79.177 Expected min/max: [0, 62.548]
Feature 1 Violated Feature Bounds: -33 Expected min/max: [-5.25, 57.75]
Feature 7 Violated Feature Bounds: 93.1625 Expected min/max: [0, 62.548]
Feature 10 Violated Feature Bounds: Feature 1 Violated Feature Bounds: 89.9611 Expected min/max: [0, -24 Expected min/max: [62.548]
Feature 13 Violated Feature Bounds: 79.177 Expected min/max: [0, 62.548]
Feature 14 Violated Feature Bounds: 81.8413 Expected min/max: [0, 62.548]
Feature 23 Violated Feature Bounds: 89.9611 Expected min/max: [0, 62.548]
-5.25, 57.75]
Feature 7 Violated Feature Bounds: 84.9779 Expected min/max: [0, 62.548]
Feature 10 Violated Feature Bounds: 81.8413 Expected min/max: [0, 62.548]
Feature 13 Violated Feature Bounds: 79.177 Expected min/max: [0, 62.548]
Feature 14 Violated Feature Bounds: 89.9611 Expected min/max: [0, 62.548]
Feature 23 Violated Feature Bounds: 81.8413 Expected min/max: [0, 62.548]
Feature Feature 11 Violated Feature Bounds:  Violated Feature Bounds: -24 Expected min/max: [-21 Expected min/max: [-5.25-5.25, , 57.7557.75]]

Feature 7 Violated Feature Bounds: 82.2876 Expected min/max: [Feature 0, 7 Violated Feature Bounds: 62.548]
Feature 1 Violated Feature Bounds: -33 Expected min/max: [-5.25, 57.75]
Feature 7 Violated Feature Bounds: Feature 10 Violated Feature Bounds: 93.1625 Expected min/max: [0, 79.177 Expected min/max: [62.548]0
, 62.548]
84.9779 Expected min/max: [0, 62.548]
Feature 13 Violated Feature Bounds: Feature 10 Violated Feature Bounds: 81.841381.8413 Expected min/max: [ Expected min/max: [0, 0, 62.548]62.548
]Feature 14
 Violated Feature Bounds: Feature 13 Violated Feature Bounds: 89.9611 Expected min/max: [0, 79.177 Expected min/max: [62.548]
0Feature , 23 Violated Feature Bounds: 79.177 Expected min/max: [62.548]
Feature 14 Violated Feature Bounds: 0, 89.9611 Expected min/max: [0, 62.548]
62.548]
Feature 23 Violated Feature Bounds: 81.8413 Expected min/max: [0, 62.548]
Feature 10 Violated Feature Bounds: 89.9611 Expected min/max: [0, 62.548]
Feature 13 Violated Feature Bounds: 79.177 Expected min/max: [***** Problems while connecting? None0, 62.548]

Feature 14 Violated Feature Bounds: 81.8413 Expected min/max: [0, 62.548]
Feature 23 Violated Feature Bounds: 89.9611 Expected min/max: [0, 62.548]
***** Problems while connecting? None
******Connected agent 1****
******Connected agent 0****
***** 8: Setting up eval log files
***** 7: Setting up eval log files
***** 7: Start training
 ***** 8: Start training
***** Problems while connecting? None
******Connected agent 2****
***** 11: Setting up eval log files
***** 11: Start training
Feature 1Feature 17 Violated Feature Bounds: 64.3603 Expected min/max: [0, 62.548]
Feature 17 Violated Feature Bounds: 64.3603 Expected min/max: [0, 62.548]
Feature 17 Violated Feature Bounds: 64.3603 Expected min/max: [0, 62.548]
Feature 17 Violated Feature Bounds: 64.3603 Expected min/max: [0, 62.548]
Feature 17 Violated Feature Bounds: 64.3603 Expected min/max: [Feature 017,  Violated Feature Bounds***** Problems while connecting? None
******Connected agent 1****
***** 11: Setting up eval log files
***** 8: Setting up eval log files
***** 8: Start training
***** 11: Start training
Feature 1 Violated Feature Bounds: -5.34715 Expected min/max: [-5.25, 57.75]
Feature 1 Violated Feature Bounds: -5.42045 Expected min/max: [-5.25, 57.75]
re 1Feature 17 Violated Feature Bounds: 63.1822 Expected min/max: [0, 62.548]
Feature 20 Violated Feature Bounds: 63.1822 Expected min/max: [0, 62.548]
Feature 20 Violated Feature Bounds: 63.1822 Expected min/max: [0, 62.548]
Feature 17 Violated Feature Bounds: 63.1822 Expected min/max: [0, 62.548]
Feature 17 Feature 20 Violated Feature Bounds: 64.1086 Expected min/max: [0, 62.548]
Feature 20 Violated Feature Bounds: 64.1086 Expected min/max: [0, 62.548]
Feature 20 Violated Feature Bounds: 64.1086 Expected min/max: [0, 62.548]
Feature 20 Violated Feature Bounds: 64.1086 Expected min/max: [Feature 1 Violated Feature Bounds: -5.28009 Expected min/max: [-5.25, 57.75]
Feature 7 Violated Feature Bounds: 62.596 Expected min/max: [0, 62.548]
Feature 1 Violated Feature Bounds: -6.04493 Expected min/max: [-5.25, 57.75]
Feature 7 Violated Feature Bounds: 63.3785 Expected min/max: [0, 62.548]
62.548]
Feature 20 Violated Feature Bounds: 63.0057 Expected min/max: [0, 62.548]
Feature 20 Violated Feature Bounds: 63.0057 ExpectedFeature 1 Violated Feature Bounds: -5.27658 Expected min/max: [-5.25, 57.75]
Feature 1 Violated Feature Bounds: -5.83074 Expected min/max: [-5.25, 57.75]
Feature 7 Violated Feature Bounds: 62.6424 Expected min/max: [0, 62.548]
Feature 1 Violated Feature Bounds: -6.05974 Expected min/max: [-5.25, 57.75]
Feature 7 Violated Feature Bounds: 62.9238 Expected min/max: [0, 62.548]
Feature 1 Violated Feature Bounds: -6.14621 Expected min/max: [-5.25, 57.75]
Feature 7 Violated Feature Bounds: 63.0344 Expected min/max: [0, 62.548]
Feature 1 Violated Feature Bounds: -6.18056 Expected min/max: [-5.25, 57.75]
Feature 7 Violated Feature Bounds: 63.0784 Expected min/max: [0, 62.548]
Feature 1 Violated Feature Bounds: -6.19306 Expected min/max: [-5.25, 57.75]
Feature 7 Violated Feature Bounds: 63.0949 Expected min/max: [0, 62.548]
Feature 1 Violated Feature Bounds: -5.76874 Expected min/max: [-5.25, 57.75]
Feature 7 Violated Feature Bounds: 62.6496 Expected min/max: [0, 62.548]
Feature 17 Violated Feature Bounds: 64.6035 Expected min/max: [0, 62.548]
Feature 17 Violated Feature Bounds: 64.6035 Expected min/max: [0, 62.548]
Feature 17 Violated Feature Bounds: 64.6035 Expected min/max: [0, 62.548]
Feature 17 Violated Feature Bounds: 64.6035 Expected min/max: [0, 62.548]
Feature 17 Violated Feature Bounds: 64.6035 Expected min/max: [0, 62.548]
Feature 17 Violated Feature Bounds: 64.6035 Expected min/max: [0, 62.548]
Feature 17 Violated Feature Bounds: 64.1666 Expected min/max: [0, 62.548]
Feature 17 Violated Feature Bounds: 64.1666 Expected min/max: [0, 62.548]
Feature 17 Violated Feature Bounds: 62.9639 Expected min/max: [0, 62.548]
Feature 17 Violated Feature Bounds: 62.9639 Expected min/max: [0, 62.548]
0 Violated Feature Bounds: 62.9254 Expected min/max: [0, 62.548]
Feature 20 Violated Feature Bounds: 62.9254 Expected min/max: [0, 62.548]
Feature 20 Violated Feature Bounds: 62.9254 Expected min/max: [0, 62.548]
Feature 20 Violated Feature Bounds: 62.9254 Expected min/max: [0, 62.548]
Feature 20 Violated Feature Bounds: 62.9254 Expected min/max: [0, 62.548]
Feature 20 Violated Feature Bounds: 62.9254 Expected min/max: [0, 62.548]
Feature 20 Violated Feature Bounds: 62.9254 Expected min/max: [0, 62.548]
Feature 20 Violated Feature Bounds: 62.9254 Expected min/max: [0, 62.548]
Feature 17 Violated Feature Bounds: 63.2463 Expected min/max: [0, 62.548]
Feature 20 Violated Feature Bounds: 63.2463 Expected min/max: [0, 62.548]
Feature 17 Violated Feature Bounds: 63.2463 Expected min/max: [0, 62.548]
Feature 20 Violated Feature Bounds: 63.2463 Expected min/max: [0, 62.548]
Feature 17 Violated Feature Bounds: 63.2463 Expected min/max: [0, 62.548]
Feature 20 Violated Feature Bounds: 63.2463 Expected min/max: [0, 62.548]
Feature 17 Violated Feature Bounds: 63.2463 Expected min/max: [0, 62.548]
Feature 20 Violated Feature Bounds: 63.2463 Expected min/max: [0, 62.548]
Feature 1 Violated Feature Bounds: -5.30753 Expected min/max: [-5.25, 57.75]
