Namespace(agent1='EpisodeSharing', agent10='Dummy', agent11='Dummy', agent2='EpisodeSharing', agent3='EpisodeSharing', agent4='Dummy', agent5='Dummy', agent6='Dummy', agent7='Dummy', agent8='Dummy', agent9='Dummy', evaluation_duration=100, evaluation_interval=20, learning_trials=5000, log_file='/home/leno/HFO/log/', number_agents=3, number_trial=41, port=46925, seed=12345, server_path='/home/leno/HFO/bin/')
***** Loading agent implementations
AgentName: EpisodeSharing
Creating agent
OK Agent
AgentName: EpisodeSharing
Creating agent
OK Agent
AgentName: EpisodeSharing
Creating agent
OK Agent
***** %s: Agents online --> %s
Agent Classes OK
******Connecting agent 0****
***** Connecting to HFO server on port 46925
******************************************************************
 librcsc 4.1.0
 Copyright 2000 - 2007. Hidehisa Akiyama.
 Copyright 2007 - 2011. Hidehisa Akiyama and Hiroki Shimora
 All rights reserved.
******************************************************************
base_left 7: [0, 6]  see synch.
******Connecting agent 1****
***** Connecting to HFO server on port 46925
******************************************************************
 librcsc 4.1.0
 Copyright 2000 - 2007. Hidehisa Akiyama.
 Copyright 2007 - 2011. Hidehisa Akiyama and Hiroki Shimora
 All rights reserved.
******************************************************************
base_left 8: [0, 6]  see synch.
******Connecting agent 2****
***** Connecting to HFO server on port 46925
******************************************************************
 librcsc 4.1.0
 Copyright 2000 - 2007. Hidehisa Akiyama.
 Copyright 2007 - 2011. Hidehisa Akiyama and Hiroki Shimora
 All rights reserved.
******************************************************************
base_left 11: [0, 5]  see synch.
Feature 1 Violated Feature Bounds: -21 Expected min/max: [-5.25, 57.75]
Feature 7 Violated Feature Bounds: 82.2876 Expected min/max: [0, 62.548]
Feature 10 Violated Feature Bounds: 79.177 Expected min/max: [0, 62.548]
Feature 13 Violated Feature Bounds: 81.8413 Expected min/max: [0, 62.548]
Feature 14 Violated Feature Bounds: 89.9611 Expected min/max: [0, 62.548]
Feature 23 Violated Feature Bounds: 79.177 Expected min/max: [0, 62.548]
Feature 1 Violated Feature Bounds: -24 Expected min/max: [-5.25, 57.75]
Feature 7 Violated Feature Bounds: 84.9779 Expected min/max: [0, 62.548]
Feature 10 Violated Feature Bounds: 81.8413 Expected min/max: [0, 62.548]
Feature 13 Violated Feature Bounds: 79.177 Expected min/max: [0, 62.548]
Feature 14 Violated Feature Bounds: 89.9611 Expected min/max: [0, 62.548]
Feature 23 Violated Feature Bounds: 81.8413 Expected min/max: [0, 62.548]
Feature 1 Violated Feature Bounds: -33 Expected min/max: [-5.25, 57.75]
Feature 7 Violated Feature Bounds: 93.1625 Expected min/max: [0, 62.548]
Feature 10 Violated Feature Bounds: 89.9611 Expected min/max: [0, 62.548]
Feature 13 Violated Feature Bounds: 79.177 Expected min/max: [0, 62.548]
Feature 14 Violated Feature Bounds: 81.8413 Expected min/max: [0, 62.548]
Feature 23 Violated Feature Bounds: 89.9611 Expected min/max: [0, 62.548]
***** Problems while connecting? None
******Connected agent 2****
***** 11: Setting up eval log files
***** 11: Start training
***** Problems while connecting? None
******Connected agent 0****
***** 7: Setting up eval log files
***** 7: Start training
***** Problems while connecting? None
******Connected agent 1****
***** 8: Setting up eval log files
***** 8: Start training
Feature 17 Violated Feature Bounds: 64.7937 Expected min/max: [0, 62.548]
Feature 20 Violated Feature Bounds: 64.7937 Expected min/max: [0, 62.548]
Feature 17 Violated Feature Bounds: 64.7937 Expected min/max: [0, 62.548]
Feature 20 Violated Feature Bounds: 64.7937 Expected min/max: [0, 62.548]
Feature 20 Violated Feature Bounds: 64.7937 Expected min/max: [0, 62.548]
Feature 17 Violated Feature Bounds: 64.7937 Expected min/max: [0, 62.548]
Feature 17 Violated Feature Bounds: 64.7937 Expected min/max: [0, 62.548]
Feature 20 Violated Feature Bounds: 64.7937 Expected min/max: [0, 62.548]
Feature 17 Violated Feature Bounds: 63.6237 Expected min/max: [0, 62.548]
Feature 20 Violated Feature Bounds: 63.6237 Expected min/max: [0, 62.548]
Feature 1 Violated Feature Bounds: -5.76787 Expected min/max: [-5.25, 57.75]
Feature 7 Violated Feature Bounds: 62.6426 Expected min/max: [0, 62.548]
Feature 1 Violated Feature Bounds: -6.36011 Expected min/max: [-5.25, 57.75]
Feature 7 Violated Feature Bounds: 63.3593 Expected min/max: [0, 62.548]
Feature 1 Violated Feature Bounds: -6.9496 Expected min/max: [-5.***** Problems while connecting? None
******Connected agent 2****
***** 11: Setting up eval log files
***** 11: Start training
******Connected agent 0****
***** 7: Setting up eval log files
***** 7: Start training
Feature 1 Violated Feature Bounds: -5.27023 Expected min/max: [-5.25, 57.75]
Feature 1 Violated Feature Bounds: -5.37514 Expected min/max: [-5.25, 57.75]
Feature 1 ViolatFeature 1 Violated Feature Bounds: -5.30703 Expected min/max: [-5.25, 57.75]
Feature 7 Violated Feature Bounds: 62.6084 Expected min/max: [0, 62.548]
Feature 1 Violated Feature Bounds: -5.41486 Expected min/max: [-5***** 11: Shutting down agent
***** 11: Agent --> Agent: 11, Type: SARSA, Training steps: 465376, Q-Table size: 3026
***** 8: Shutting down agent
***** 8: Agent --> Agent: 8, Type: SARSA, Training steps: 465376, Q-Table size: 2616
***** 7: Shutting down agent
***** 7: Agent --> Agent: 7, Type: SARSA, Training steps: 465376, Q-Table size: 2646
Namespace(agent1='EpisodeSharing', agent10='Dummy', agent11='Dummy', agent2='EpisodeSharing', agent3='EpisodeSharing', agent4='Dummy', agent5='Dummy', agent6='Dummy', agent7='Dummy', agent8='Dummy', agent9='Dummy', evaluation_duration=100, evaluation_interval=20, learning_trials=5000, log_file='/home/leno/HFO/log/', number_agents=***** 11: Shutting down agent
***** 11: Agent --> Agent: 11, Type: SARSA, Training steps: 481119, Q-Table size: 3165
***** 7: Shutting down agent
***** 7: Agent --> Agent: 7, Type: SARSA, Training steps: 481119, Q-Table size: 2776
***** 8: Shutting down agent
***** 8: Agent --> Agent: 8, Type: SARSA, Training steps: 481119, Q-Table size: 2848
Namespace(agent1='EpisodeSharing', agent10='Dummy', agent11='Dummy', agent2='EpisodeSharing', agent3='EpisodeSharing', agent4='Dummy', agent5='Dummy', agent6='Dummy', agent7='Dummy', agent8='Dummy', agent9='Dummy', evaluation_duration=100, evaluation_interval=20, learning_trials=5000, log_file='/home/leno/HFO/log/', number_agents=3, number_trial=22, port=47945, seed=12345, server_path='/home/leno/HFO/bin/')
***** Loading agent implementations
AgentName: EpisodeSharing
Creating agent
OK Agent
AgentName: EpisodeSharing
Creating agent
OK Agent
AgentName: EpisodeSharing
Creating agent
OK Agent
***** %s: Agents online --> %s
Agent Classes OK
******Connecting agent 0****
***** Connecting to HFO server on port 47945
******************************************************************
 librcsc 4.1.0
 Copyright 2000 - 2007. Hidehisa Akiyama.
 Copyright 2007 - 2011. Hidehisa Akiyama and Hiroki Shimora
 All rights reserved.
******************************************************************
base_left 7: [0, 6]  see synch.
******Connecting agent 1****
***** Connecting to HFO server on port 47945
******************************************************************
 librcsc 4.1.0
 Copyright 2000 - 2007. Hidehisa Akiyama.
 Copyright 2007 - 2011. Hidehisa Akiyama and Hiroki Shimora
 All rights reserved.
******************************************************************
base_left 8: [0, 5]  see synch.
******Connecting agent 2****
***** Connecting to HFO server on port 47945
******************************************************************
 librcsc 4.1.0
 Copyright 2000 - 2007. Hidehisa Akiyama.
 Copyright 2007 - 2011. Hidehisa Akiyama and Hiroki Shimora
 All rights reserved.
******************************************************************
base_left 11: [0, 5]  see synch.
Feature 1 Violated Feature Bounds: -21 Expected min/max: [-5.25, 57.75]
Feature 7 Violated Feature Bounds: 82.2876 Expected min/max: [0, 62.548]
Feature 10 Violated Feature Bounds: 79.177 Expected min/max: [0, 62.548]
Feature 13 Violated Feature Bounds: 81.8413 Expected min/max: [0, 62.548]
Feature 14 Violated Feature Bounds: 89.9611 Expected min/max: [0, 62.548]
Feature 23 Violated Feature Bounds: 79.177 Expected min/max: [0, 62.548]
Feature 1 Violated Feature Bounds: -24 Expected min/max: [-5.25, 57.75]
Feature 7 Violated Feature Bounds: 84.9779 Expected min/max: [0, 62.548]
Feature 10 Violated Feature Bounds: 81.8413 Expected min/max: [0, 62.548]
Feature 13 Violated Feature Bounds: 79.177 Expected min/max: [0, 62.548]
Feature 14 Violated Feature Bounds: 89.9611 Expected min/max: [0, 62.548]
Feature 23 Violated Feature Bounds: 81.8413 Expected min/max: [0, 62.548]
Feature 1 Violated Feature Bounds: -33 Expected min/max: [-5.25, 57.75]
Feature 7 Violated Feature Bounds: 93.1625 Expected min/max: [0, 62.Feature 17 Violated Feature Bounds: 63.6533 Expected min/max: [0, 62.548]
Feature 17 Violated Feature Bounds: 63.6533 Expected min/max: [0, 62.548]
Feature 17 Violated Feature Bounds: 63.6533 Expected min/max: [0, 62.548]
Feature 17 Violated Feature Bounds: 63.6533 Expected min/max: [0, 62.548]
Feature 17 Violated Feature Bounds: 63.6533 Expected min/max: [0, 62.548]
Feature 17 Violated Feature Bounds: 63.6533 Expected min/max: [0, 62.548]
Feature 17 Violated Feature Bounds: 63.6533 Expected min/max: [0, 62.548]
Feature 17 Violated Feature Bounds: 63.6533 Expected min/max: [0, 62.548]
Feature 1 Violated Feature Bounds: -5.31709 Expected min/max: [-5.25, 57.75]
Feature 1 Violated Feature Bounds: -5.36787 Expected min/max: [-5.25, 57.75]
Feature 20 Violated Feature Bounds: 62.9679 Expected min/max: [0, 62.548]
Feature 17 Violated Feature Bounds: 62.9679 Expected min/max: [0, 62.548]
Feature 20 Violated Feature Bounds: 62.9679 Expected min/max: [0, 62.548]
Feature 17 Violated Feature Bounds: 62.9679 Expected min/max: [0, 62.548]
Feature 17 Violated Feature Bounds: 62.9679 Expected min/max: [0, 62.548]
Feature 20 Violated Feature Bounds: 62.9679 Expected min/max: [0, 62.548]
Feature 17 Violated Feature Bounds: 64.3268 Expected min/max: [0, 62.548]
Feature 20 Violated Feature Bounds: 64.3268 Expected min/max: [0, 62.548]
Feature 20 Violated Feature Bounds: 64.3268 Expected min/max: [0, 62.548]
Feature 17 Violated Feature Bounds: 64.3268 Expected min/max: [0, 62.548]
Feature 20 Violated Feature Bounds: 64.3268 Expected min/max: [0, 62.548]
Feature 17 Violated Feature Bounds: 64.3268 Expected min/max: [0, 62.548]
Feature 20 Violated Feature Bounds: 63.7288 Expected min/max: [0, 62.548]
Feature 17 Violated Feature Bounds: 63.7288 Expected min/max: [0, 62.548]
Feature 17 Violated Feature Bounds: 62.588 Expected min/max: [0, 62.548]
Feature 20 Violated Feature Bounds: 62.588 Expected min/max: [0, 62.548]
Feature 17 Violated Feature Bounds: 62.588 Expected min/max: [0, 62.548]
Feature 20 Violated Feature Bounds: 62.588 Expected min/max: [0, 62.548]
Feature 17 Violated Feature Bounds: 62.588 Expected min/max: [0, 62.548]
Feature 20 Violated Feature Bounds: 62.588 Expected min/max: [0, 62.548]
Feature 17 Violated Feature Bounds: 62.588 Expected min/max: [0, 62.548]
Feature 20 Violated Feature Bounds: 62.588 Expected min/max: [0, 62.548]
Feature 20 Violated Feature Bounds: 64.6589 Expected min/max: [0, 62.548]
Feature 17 Violated Feature Bounds: 64.6589 Expected min/max: [0, 62.548]
Feature 20 Violated Feature Bounds: 64.6589 Expected min/max: [0, 62.548]
Feature 17 Violated Feature Bounds: 64.6589 Expected min/max: [0, 62.548]
Feature 20 Violated Feature Bounds: 64.6589 Expected min/max: [0, 62.548]
Feature 17 Violated Feature Bounds: 64.6589 Expected min/max: [0, 62.548]
Feature 20 Violated Feature Bounds: 64.6589 Expected min/max: [0, 62.548]
Feature 17 Violated Feature Bounds: 64.6589 Expected min/max: [0, 62.548]
Feature 20 Violated Feature Bounds: 63.5442 Expected min/max: [0, 62.548]
Feature 17 Violated Feature Bounds: 63.5442 Expected min/max: [0, 62.548]
***** 7: Shutting down agent
***** 7: Agent --> Agent: 7, Type: SARSA, Training steps: 450795, Q-Table size: 2646
***** 8: Shutting down agent
***** 8: Agent --> Agent: 8, Type: SARSA, Training steps: 450795, Q-Table size: 2543
***** 11: Shutting down agent
***** 11: Agent --> Agent: 11, Type: SARS***** 8: Shutting down agent
***** 8: Agent --> Agent: 8, Type: SARSA, Training steps: 459779, Q-Table size: 2611
***** 7: Shutting down agent
***** 7: Agent --> Agent: 7, Type: SARSA, Training steps: 459779, Q-Table size: 2703
***** 11: Shutting down agent
***** 11: Agent --> Agent: 11, Type: SARSA, Training steps: 459779, Q-Table size: 3036
Namespace(agent1='EpisodeSharing', agent10='Dummy', agent11='Dummy', agent2='EpisodeSharing', agent3='EpisodeSharing', agent4='Dummy', agent5='Dummy', agent6='Dummy', agent7='Dummy', agent8='Dummy', agent9='Dummy', evaluation_duration=100, evaluation_interval=20, learning_trials=5000, log_file='/home/leno/HFO/log/', number_agents=3, number_trial=23, port=47945, seed=12345, server_path='/home/leno/HFO/bin/')
***** Loading agent implementations
AgentName: EpisodeSharing
Creating agent
OK Agent
AgentName: EpisodeSharing
Creating agent
OK Agent
AgentName: EpisodeSharing
Creating agent
OK Agent
***** %s: Agents online --> %s
Agent Classes OK
******Connecting agent 0****
***** Connecting to HFO server on port 47945
******************************************************************
 librcsc 4.1.0
 Copyright 2000 - 2007. Hidehisa Akiyama.
 Copyright 2007 - 2011. Hidehisa Akiy***** 8: Shutting down agent
***** 8: Agent --> Agent: 8, Type: SARSA, Training steps: 467286, Q-Table size: 2536
***** 11: Shutting down agent
***** 11: Agent --> Agent: 11, Type: SARSA, Training steps: 467286, Q-Table size: 2981
***** 7: Shutting down agent
***** 7: Agent --> Agent: 7, Type: SARSA, Training steps: 467286, Q-Table size: 2608
Namespace(agent1='EpisodeSharing', agent10='Dummy', agent11='Dummy', agent2='EpisodeSharing', agent3='EpisodeSharing***** 8: Shutting down agent
***** 8: Agent --> Agent: 8, Type: SARSA, Training steps: 484498, Q-Table size: 2584
***** 11: Shutting down agent
***** 11: Agent --> Agent: 11, Type: SARSA, Training steps: 484498, Q-Table size: 3031
***** 7: Shutting down agent
***** 7: Agent --> Agent: 7, Type: SARSA, Training steps: 484498, Q-Table size: 2601
Namespace(agent1='EpisodeSharing', agent10='Dummy', agent11='Dummy', agent2='EpisodeSharing', agent3='EpisodeSharing', agent4='Dummy', agent5='Dummy', agent6='Dummy', agent7='Dummy', agent8='Dummy', agent9='Dummy', evaluation_duration=100, evaluation_interval=20, learning_trials=5000, log_file='/home/leno/HFO/log/', number_agents=3, number_trial=48, port=47245, seed=12345, server_path='/home/leno/HFO/bin/')
***** Loading agent implementations
AgentName: EpisodeSharing
Creating agent
OK Agent
AgentName: EpisodeSharing
Creating agent
OK Agent
AgentName: EpisodeSharing
Creating agent
OK Agent
***** %s: Agents online --> %s
Agent Classes OK
******Connecting agent 0****
***** Connecting to HFO server on port 47245
******************************************************************
 librcsc 4.1.0
 Copyright 2000 - 2007. Hidehisa Akiyama.
 Copyright 2007 - 2011. Hidehisa Akiyama and Hiroki Shimora
 All rights reserved.
******************************************************************
base_left 7: [0, 6]  see synch.
******Connecting agent 1****
***** Connecting to HFO server on port 47245
******************************************************************
 librcsc 4.1.0
 Copyright 2000 - 2007. Hidehisa Akiyama.
 Copyright 2007 - 2011. Hidehisa Akiyama and Hiroki Shimora
 All rights reserved.
******************************************************************
base_left 8: [0, 5]  see synch.
******Connecting agent 2****
***** Connecting to HFO server on port 47245
******************************************************************
 librcsc 4.1.0
 Copyright 2000 - 2007. Hidehisa Akiyama.
 Copyright 2007 - 2011. Hidehisa Akiyama and Hiroki Shimora
 All rights reserved.
***************************************************************** 7: Shutting down agent
***** 7: Agent --> Agent: 7, Type: SARSA, Training steps: 476418, Q-Table size: 2702
***** 8: Shutting down agent
***** 8: Agent --> Agent: 8, Type: SARSA, Training steps: 476418, Q-Table size: 2728
***** 11: Shutting down agent
***** 11: Agent --> Agent: 11, Type: SARSA, Training steps: 476418, Q-Table size: 3109
Namespace(agent1='EpisodeSharing', agent10='Dummy', agent11='Dummy', agent2='EpisodeSharing', agent3='EpisodeSharing', agent4='Dummy', agent5='Dummy', agent6='Dummy', agent7='Dummy', agent8='Dummy', agent9='Dummy', evaluation_duration=100, evaluation_interval=20, learning_trials=5000, log_file='/home/leno/HFO/log/', number_agents=3, number_trial=38, port=49945, seed=12345, server_path='/home/leno/HFO/bin/')
***** Loading agent implementations
AgentName: EpisodeSharing
Creating agent
OK Agent
AgentName: EpisodeSharing
Creating agent
OK Agent
AgentName: EpisodeSharing
Creating agent
OK Agent
***** %s: Agents online --> %s
Agent Classes OK
******Connecting agent 0****
***** Connecting to HFO server on port 49945
******************************************************************
 librcsc 4.1.0
 Copyright 2000 - 2007. Hidehisa Akiyama.
 Copyright 2007 - 2011. Hidehisa Akiyama and Hiroki Shimora
 All rights reserved.
******************************************************************
base_left 7: [0, 6]  see synch.
Feature 20 Violated Feature Bounds: 63.82 Expected min/max: [0, 62.548]
Feature 17 Violated Feature Bounds: 63.82 Expected min/max: [0, 62.548]
Feature 20 Violated Feature Bounds: 63.82 Expected min/max: [0, 62.548]
Feature 17 Violated Feature Bounds: 63.82 Expected min/max: [0, 62.548]
Feature 20 Violated Feature Bounds: 63.82 Expected min/max: [0, 62.548]
Feature 17 Violated Feature Bounds: 63.82 Expected min/max: [0, 62.548]
Feature 20 Violated Feature Bounds: 63.3759 Expected min/max: [0, 62.548]
Feature 17 Violated Feature Bounds: 63.3759 Expected min/max: [0, 62.548]
Feature 1 Violated Feature Bounds: -5.28095 Expected min/max: [-5.25, 57.75]
Feature 1 Violated Feature Bounds: -5.41782 Expected min/max: [-5.25, 57.75]
Feature 1 Violated Feature Bounds: -5.46324 Expected min/max: [-5.25, 57.75]
Feature 1 Violated Feature Bounds: -5.36093 Expected min/max: [-5.25, 57.75]
Feature 20 Violated Feature Bounds: 63.505 Expected min/max: [0, 62.548]
Feature 20 Violated Feature Bounds: 63.505 Expected min/max: [0, 62.548]
Feature 20 Violated Feature Bounds: 63.505 Expected min/max: [0, 62.548]
Feature 20 Violated Feature Bounds: 63.505 Expected min/max: [0, 62.548]
Feature 20 Violated Feature Bounds: 63.505 Expected min/max: [0, 62.548]
Feature 20 Violated Feature Bounds: 63.505 Expected min/max: [0, 62.548]
Feature 20 Violated Feature Bounds: 63.505 Expected min/max: [0, 62.548]
Feature 20 Violated Feature Bounds: 63.505 Expected min/max: [0, 62.548]
Feature 17 Violated Feature Bounds: 64.4293 Expected min/max: [0, 62.548]
Feature 17 Violated Feature Bounds: 64.4293 Expected min/max: [0, 62.548]
Feature 17 Violated Feature Bounds: 64.4293 Expected min/max: [0, 62.548]
Feature 17 Violated Feature Bounds: 64.4293 Expected min/max: [0, 62.548]
Feature 17 Violated Feature Bounds: 64.4293 Expected min/max: [0, 62.548]
Feature 17 Violated Feature Bounds: 64.4293 Expected min/max: [0, 62.548]
Feature 17 Violated Feature Bounds: 64.4293 Expected min/max: [0, 62.548]
Feature 17 Violated Feature Bounds: 64.4293 Expected min/max: [0, 62.548]
Feature Feature 17 Violated Feature Bounds: 17 Violated Feature Bounds: 63.427563.4275 Expected min/max: [ Expected min/max: [00, , 62.54862.548]]

Feature 1 Violated Feature Bounds: -5.32658 Expected min/max: [-5.25, 57.75]
Feature 1 Violated Feature Bounds: -5.37487 Expected min/max: [-5.25, 57.75]
Feature 1 Violated Feature Bounds: -5.39254 Expected min/max: [-5.25, 57.75]
Feature 1 Violated Feature Bounds: -5.40105 Expected min/max: [-5.25, 57.75]
***** 11: Shutting down agent
***** 11: Agent --> Agent: 11, Type: SARSA, Training steps: 466539, Q-Table size: 3046
***** 8: Shutting down agent
***** 8: Agent --> Agent: 8, Type: SARSA, Training steps: 466539, Q-Table size: 2705
***** 7: Shutting down agent
***** 7: Agent --> Agent: 7, Type: SARSA, Training steps: 466539, Q-Table size: 2723
Namespace(agent1='EpisodeSharing', agent10='Dummy', agent11='Dummy', agent2='EpisodeSharing', agent3='EpisodeSharing', agent4='Dummy', agent5='Dummy', agent6='Dummy', agent7='Dummy', agent8='Dummy', agent9='Dummy', evaluation_duration=100, evaluation_interval=20, learning_trials=5000, log_file='/home/leno/HFO/log/', number_agents=3, number_trial=24, port=47945, seed=12345, server_path='/home/leno/HFO/bin/')
***** Loading agent implementations
AgentName: EpisodeSharing
Creating agent
OK Agent
AgentName: EpisodeSharing
Creating agent
OK Agent
AgentName: EpisodeSharing
Creating agent
OK Agent
***** %s: Agents online --> %s
Agent Classes OK
******Connecting agent 0****
***** Connecting to HFO server on port 47945
******************************************************************
 librcsc 4.1.0
 Copyright 2000 - 2007. Hidehisa Akiyama.
 Copyright 2007 - 2011. Hidehisa Akiyama and Hiroki Shimora
 All rights reserved.
******************************************************************
base_left 7: [0, 5]  see synch.
******Connecting agent 1****
***** Connecting to HFO server on port 47945
******************************************************************
 librcsc 4.1.0
 Copyright 2000 - 2007. Hidehisa Akiyama.
 Copyright 2007 - 2011. Hidehisa Akiyama and Hiroki Shimora
 All rights reserved.
*************************************** 7: Shutting down agent
***** 7: Agent --> Agent: 7, Type: SARSA, Training steps: 476062, Q-Table size: 2721
***** 8: Shutting down agent
***** 8: Agent --> Agent: 8, Type: SARSA, Training steps: 476062, Q-Table size: 2655
***** 11: Shutting down agent
***** 11: Agent --> Agent: 11, Type: SARSA, Training steps: 476062, Q-Table size: 3061
Namespace(agent1='EpisodeSharing', agent10='Dummy', agent11='Dummy', agent2='EpisodeSharing', agent3='EpisodeSharing', agent4='Dummy', agent5='Dummy', agent6='Dummy', agent7='Dummy', agent8='Dummy', agent9='Dummy', evaluation_duration=100, evaluation_interval=20, learning_trials=5000, log_file='/home/leno/HFO/log/', number_agents=3, number_trial=49, port=47245, seed=12345, server_path='/home/leno/HFO/bin/')
***** Loading agent implementations
AgentName: EpisodeSharing
Creating agent
OK Agent
AgentName: EpisodeSharing
Creating agent
OK Agent
AgentName: EpisodeSharing
Creating agent
OK Agent
***** %s: Agents online --> %s
Agent Classes OK
******Connecting agent 0****
***** Connecting to HFO server on port 47245
******************************************************************
 librcsc 4.1.0
 Copyright 2000 - 2007. Hidehisa Akiyama.
 Copyright 2007 - 2011. Hidehisa Akiyama and Hiroki Shimora
 All rights reserved.
******************************************************************
base_left 7: [0, 7]  see synch.
******Connecting agent 1****
***** Connecting to HFO server on port 47245
******************************************************************
 librcsc 4.1.0
 Copyright 2000 - 2007. Hidehisa Akiyama.
 Copyright 2007 - 2011. Hidehisa Akiyama and Hiroki Shimora
 All rights reserved.
******************************************************************
base_left 8: [0, 7]  see synch.
******Connecting agent 2****
***** Connecting to HFO server on port 47245
******************************************************************
 librcsc 4.1.0
 Copyright 2000 - 2007. Hidehisa Akiyama.
 Copyright 2007 - 2011. Hidehisa Akiyama and Hiroki Shimora
 All rights reserved.
******************************************************************
base_left 11: [0, 7]  see synch.
Feature 1 Violated Feature Bounds: Feature Feature -21 Expected min/max: [11 Violated Feature Bounds:  Violated Feature Bounds: -5.25, 57.75]
Feature 7 Violated Feature Bounds: 82.2876 Expected min/max: [0, 62.548]
Feature 10 Violated Feature Bounds: 79.177 Expected min/max: [0, 62.548]
Feature 13 Violated Feature Bounds: 81.8413 Expected min/max: [0, 62.548]
Feature 14 Violated Feature Bounds: 89.9611 Expected min/max: [0, 62.548]
Feature 23 Violated Feature Bounds: 79.177 Expected min/max: [0, 62.548]
-24 Expected min/max: [-5.25, 57.75]
Feature 7 Violated Feature Bounds: 84.9779 Expected min/max: [0, 62.548]
Feature 10 Violated Feature Bounds: 81.8413 Expected min/max: [0, 62.548]
Feature 13 Violated Feature Bounds: 79.177 Expected min/max: [0, 62.548]
Feature 14 Violated Feature Bounds: 89.9611 Expected min/max: [0, 62.548]
Feature 23 Violated Feature Bounds: 81.8413 Expected min/max: [0, 62.548]
-33 Expected min/max: [-5.25, 57.75]
Feature 7 Violated Feature Bounds: 93.1625 Expected min/max: [0, 62.548]
Feature 10 Violated Feature Bounds: 89.9611 Expected min/max: [0, 62.548]
Feature 13 Violated Feature Bounds: 79.177 Expected min/max: [0, 62.548]
Feature 14 VFeature 17 Violated Feature Bounds: 64.2979 Expected min/max: [0, 62.548]
Feature 20 Violated Feature Bounds: 64.2979 Expected min/max: [0, 62.548]
Feature 17 Violated Feature Bounds: 64.2979 Expected min/max: [0, 62.548]
Feature 20 Violated Feature Bounds: 64.2979 Expected min/max: [0, 62.548]
Feature 17 Violated Feature Bounds: 64.2979 Expected min/max: [0, 62.548]
Feature 20 Violated Feature Bounds: 64.2979 Expected min/max: [0, 62.548]
Feature 17 Violated Feature Bounds: 63.8368 Expected min/max: [0, 62.548]
Feature 20 Violated Feature Bounds: 63.8368 Expected min/max: [0, 62.548]
Feature 17 Violated Feature Bounds: 62.8304 Expected min/max: [0, 62.548]
Feature 20 Violated Feature Bounds: 62.8304 Expected min/max: [0, 62.548]
Feature 20 Violated Feature Bounds: 62.5794 Expected min/max: [0, 62.548]
Feature 17 Violated Feature Bounds: 62.5794 Expected min/max: [0, 62.548]
Feature 20 Violated Feature Bounds: 62.5794 Expected min/max: [0, 62.548]
Feature 17 Violated Feature Bounds: 62.5794 Expected min/max: [0, 62.548]
Feature 20 Violated Feature Bounds: 62.5794 Expected min/max: [0, 62.548]
Feature 17 Violated Feature Bounds: 62.5794 Expected min/max: [0, 62.548]
Feature 20 Violated Feature Bounds: 62.5794 Expected min/max: [0, 62.548]
Feature 17 Violated Feature Bounds: 62.5794 Expected min/max: [0, 62.548]
***** 7: Shutting down agent
***** 7: Agent --> Agent: 7, Type: SARSA, Training steps: 459055, Q-Table size: 2735
***** 11: Shutting down agent
***** 11: Agent --> Agent: 11, Type: SARSA, Training steps: 459055, Q-Table size: 3028
***** 8: Shutting down agent
***** 8: Agent --> Agent: 8, Type: SARSA, Training steps: 459055, Q-Table size: 2653
Namespace(agent1='EpisodeSharing', agent10='Dummy', agent11='Dummy', agent2='EpisodeSharing', agent3='EpisodeSharing', agent4='Dummy', agent5='Dummy', agent6='Dummy', agent7='Dummy', agent8='Dummy', agent9='Dummy', evaluation_duration=100, evaluation_interval=20, learning_trials=5000, log_file='/home/leno/HFO/log/', number_agents=3, number_trial=45, port=46925, seed=12345, server_path='/home/leno/HFO/bin/')
***** Loading agent implementations
AgentName: EpisodeSharing
Creating agent
OK Agent
AgentName: EpisodeSharing
Creating agent
OK Agent
AgentName: EpisodeSharing
Creating agent
OK Agent
***** %s: Agents online --> %s
Agent Classes OK
******Connecting agent 0****
***** Connecting to HFO server on port 46925
******************************************************************
 librcsc 4.1.0
 Copyright 2000 - 2007. Hidehisa Akiyama.
 Copyright 2007 - 2011. Hidehisa Akiyama and Hiroki Shimora
 All rights reserved.
******************************************************************
base_left 7: [0, 6]  see synch.
******Connecting agent 1****
***** Connecting to HFO server on port 46925
******************************************************************
 librcsc 4.1.0
 Copyright 2000 - 2007. Hidehisa Akiyama.
 Copyright 2007 - 2011. Hidehisa Akiyama and Hiroki Shimora
 All rights reserved.
******************************************************************
base_left 8: [0, 6]  see synch.
******Connecting agent 2****
***** Connecting to HFO server on port 46925
******************************************************************
 librcsc 4.1.0
 Copyright 2000 - 2007. Hidehisa Akiyama.
 Copyright 2007 - 2011. Hidehisa Akiyama and Hiroki Shimora
 All rights reserved.
******************************************************************
base_left 11: [0, 5]  see synch.
Feature 1 Violated Feature Bounds: -21 Expected min/max: [-5.25, 57.75]
Feature 7 Violated Feature Bounds: 82.2876 Expected min/max: [0, 62.548]
Feature 10 Violated Feature Bounds: 79.177 Expected min/max: [0, 62.548]
Feature 13 Violated Feature Bounds: 81.8413 Expected min/max: [0, 62.548]
Feature 14 Violated Feature Bounds: 89.9611 Expected min/max: [0, 62.548]
Feature 23 Violated Feature Bounds: 79.177 Expected min/max: [0, 62.548]
Feature 1 Violated Feature Bounds: -24 Expected min/max: [-5.25, 57.75]
Feature 7 Violated Feature Bounds: 84.9779 Expected min/max: [0, 62.548]
Feature 10 Violated Feature Bounds: 81.8413 Expected min/max: [0, 62.548]
Feature 13 Violated Feature Bounds: 79.177 Expected min/max: [0, 62.548]
Feature***** 7: Shutting down agent
***** 7: Agent --> Agent: 7, Type: SARSA, Training steps: 469741, Q-Table size: 2615
***** 11: Shutting down agent
***** 11: Agent --> Agent: 11, Type: SARSA, Training steps: 469741, Q-Table size: 2983
***** 8: Shutting down agent
***** 8: Agent --> Agent: 8, Type: SARSA, Training steps: 469741, Q-Table size: 2534
Namespace(agent1='EpisodeSharing', agent10='Dummy', agent11='Dummy', agent2='EpisodeSharing', agent3='EpisodeSharing', agent4='Dummy', agent5='Dummy', agent6='Dummy', agent7='Dummy', agent8='Dummy', agent9='Dummy', evaluation_duration=100, evaluation_interval=20, learning_trials=5000, log_file='/home/leno/HFO/log/', number_agents=3, number_trial=50, port=47245, seed=12345, server_path='/home/leno/HFO/bin/')
***** Loading agent implementations
AgentName: EpisodeSharing
Creating agent
OK Agent
AgentName: EpisodeSharing
Creating agent
OK Agent
AgentName: EpisodeSharing
Creating agent
OK Agent
***** %s: Agents online --> %s
Agent Classes OK
******Connecting agent 0****
***** Connecting to HFO server on port 47245
******************************************************************
 librcsc 4.1.0
 Copyright 2000 - 2007. Hidehisa Akiyama.
 Copyright 2007 - 2011. Hidehisa Akiyama and Hiroki Shimora
 All rights reserved.
******************************************************************
base_left 7: [0, 7]  see synch.
******Connecting agent 1****
***** Connecting to HFO server on port 47245
******************************************************************
 librcsc 4.1.0
 Copyright 2000 - 2007. Hidehisa Akiyama.
 Copyright 2007 - 2011. Hidehisa Akiyama and Hiroki Shimora
 All rights reserved.
******************************************************************
base_left 8: [0, 7]  see synch.
******Connecting agent 2****
***** Connecting to HFO server on port 47245
******************************************************************
 librcsc 4.1.0
 Copyright 2000 - 2007. Hidehisa Akiyama.
 Copyright 2007 - 2011. Hidehisa Akiyama and Hiroki Shimora
 All rights reserved.
******************************************************************** Problems while connecting? None
******Connected agent 2****
***** 11: Setting up eval log files
***** 11: Start training
***** 7: Setting up eval log files
***** 7: Start training
Feature 20 Violated Feature Bounds: 63.8589 Expected min/max: [0, 62.548]
Feature 20 Violated Feature Bounds: 63.8589 Expected min/max: [0, 62.548]
Feature 20 Violated Feature Bounds: 63.8589 Expected min/max: [0, 62.548]
Feature 20 Violated Feature Bounds: 63.8589 Expected min/max: [0, 62.548]
Feature 20 Violated Feature Bounds: 63.8589 Expected min/max: [0, 62.548]
Feature 20 Violated Feature Bounds: 63.8589 Expected min/max: [0, 62.548]
Feature 20 Violated Feature Bounds: 63.8589 Expected min/max: [0, 62.548]
Feature 20 Violated Feature Bounds: 63.8589 Expected min/max: [0, 62.548]
Feature 20 Violated Feature Bounds: 62.8289 Expected min/max: [0, 62.548]
Feature 20 Violated Feature Bounds: 62.8289 Expected min/max: [0, 62.548]
Feature 20 Violated Feature Bounds: 63.6707 Expected min/max: [0, 62.548]
Feature 20 Violated Feature Bounds: 63.6707 Expected min/max: [0, 62.548]
Feature 20 Violated Feature Bounds: 63.6707 Expected min/max: [0, 62.548]
Feature 20 Violated Feature Bounds: 63.6707 Expected min/max: [0, 62.548]
Feature 20 Violated Feature Bounds: 63.6707 Expected min/max: [0, 62.548]
Feature 20 Violated Feature Bounds: 63.6707 Expected min/max: [0, 62.548]
Feature 20 Violated Feature Bounds: 63.6707 Expected min/max: [0, 62.548]
Feature 20 Violated Feature Bounds: 63.6707 Expected min/max: [0, 62.548]
Feature 20 Violated Feature Bounds: 62.7581 Expected min/max: [0, 62.548]
Feature 17 Violated Feature Bounds: 62.7581 Expected min/max: [0, 62.548]
Feature 20 Violated Feature Bounds: 62.7581 Expected min/max: [0, 62.548]
Feature 17 Violated Feature Bounds: 62.7581 Expected min/max: [0, 62.548]
Feature 20 Violated Feature Bounds: 62.7581 Expected min/max: [0, 62.548]
Feature 17 Violated Feature Bounds: 62.7581 Expected min/max: [0, 62.548]
Feature 20 Violated Feature Bounds: 62.7581 Expected min/max: [0, 62.548]
Feature 17 Violated Feature Bounds: 62.7581 Expected min/max: [0, 62.548]
Feature 20 Violated Feature Bounds: 63.7455 Expected min/max: [0, 62.548]
Feature 17 Violated Feature Bounds: 63.7455 Expected min/max: [0, 62.548]
Feature 20 Violated Feature Bounds: 63.7455 Expected min/max: [0, 62.548]
Feature 17 Violated Feature Bounds: 63.7455 Expected min/max: [0, 62.548]
Feature 20 Violated Feature Bounds: 63.7455 Expected min/max: [0, 62.548]
Feature 17 Violated Feature Bounds: 63.7455 Expected min/max: [0, 62.548]
Feature 20 Violated Feature Bounds: 63.3302 Expected min/max: [0, 62.548]
Feature 17 Violated Feature Bounds: 63.3302 Expected min/max: [0, 62.548]
Feature 20 Violated Feature Bounds: 63.1985 Expected min/max: [0, 62.548]
Feature 20 Violated Feature Bounds: 63.1985 Expected min/max: [0, 62.548]
Feature 20 Violated Feature Bounds: 63.1985 Expected min/max: [0, 62.548]
Feature 20 Violated Feature Bounds: 63.1985 Expected min/max: [0, 62.548]
Feature 20 Violated Feature Bounds: 63.1985 Expected min/max: [0, 62.548]
Feature 20 Violated Feature Bounds: 63.1985 Expected min/max: [0, 62.548]
Feature 20 Violated Feature Bounds: 62.6327 Expected min/max: [0, 62.548]
Feature 20 Violated Feature Bounds: 62.6327 Expected min/max: [0, 62.548]
Feature 20 Violated Feature Bounds: 65.0963 Expected min/max: [0, 62.548]
Feature 17 Violated Feature Bounds: 65.0963 Expected min/max: [0, 62.548]
Feature 20 Violated Feature Bounds: 65.0963 Expected min/max: [0, 62.548]
Feature 17 Violated Feature Bounds: 65.0963 Expected min/max: [0, 62.548]
Feature 20 Violated Feature Bounds: 65.0963 Expected min/max: [0, 62.548]
Feature 17 Violated Feature Bounds: 65.0963 Expected min/max: [0, 62.548]
Feature 20 Violated Feature Bounds: 65.0963 Expected min/max: [0, 62.548]
Feature 17 Violated Feature Bounds: 65.0963 Expected min/max: [0, 62.548]
Feature 20 Violated Feature Bounds: 64.1297 Expected min/max: [0, 62.548]
Feature 17 Violated Feature Bounds: 64.1297 Expected min/max: [0, 62.548]
Feature 20 Violated Feature Bounds: 62.8755 Expected min/max: [0, 62.548]
Feature 17 Violated Feature Bounds: 62.8755 Expected min/max: [0, 62.548]
***** 8: Shutting down agent
***** 8: Agent --> Agent: 8, Type: SARSA, Training steps: 468865, Q-Table size: 2722
***** 7: ***** 8: Shutting down agent
***** 8: Agent --> Agent: 8, Type: SARSA, Training steps: 467286, Q-Table size: 2604
***** 11: Shutting down agent
***** 11: Agent --> Agent: 11, Type: SARSA, Training steps: 467286, Q-Table size: 3003
***** 7: Shutting down agent
***** 7: Agent --> Agent: 7, Type: SARSA, Training steps: 467286, Q-Table size: 2637
in/max: [0, 62.548]
Feature 20 Violated Feature Bounds: 63.2829 Expected min/max: [0, 62.548]
Feature 17 Violated Feature Bounds: 63.2829 Expected min/max: [0, 62.548]
Feature 20 Violated Feature Bounds: 63.2829 Expected min/max: [Feature 17 Violated FeaFeature 7 Violated Feature Bounds: 62.8949 Expected min/max: [0, 62.548]
Feature 17 Violated Feature Bounds: 62.7628 Expected min/max: [0, 62.548]
Feature 17 Violated Feature Bounds: 62.7628 Expected min/max: [0, 62.548]
Feature 17 Violated Feature Bounds: 62.7628 Expected min/max: [0, 62.548]
Feature 17 Violated Feature Bounds: 62.7628 Expected min/max: [0, 62.548]
Feature 17 Violated Feature Bounds: 62.7628 Expected min/max: [0, 62.548]
Feature 17 Violated Feature Bounds: 62.7628 Expected min/max: [0, 62.548]
Feature 17 Violated Feature Bounds: 62.7628 Expected min/max: [0, 62.548]
Feature 17 Violated Feature Bounds: 62.7628 Expected min/max: [0, 62.548]
Feature 20 Violated Feature Bounds: 62.6654 Expected min/max: [0, 62.548]
Feature 20 Violated Feature Bounds: 62.6654 Expected min/max: [0, 62.548]
Feature 20 Violated Feature Bounds: 62.6654 Expected min/max: [0, 62.548]
Feature 20 Violated Feature Bounds: 62.6654 Expected min/max: [0, 62.548]
Feature 20 Violated Feature Bounds: 62.6654 Expected min/max: [0, 62.548]
Feature 20 Violated Feature Bounds: 62.6654 Expected min/max: [0, 62.548]
Feature 20 Violated Feature Bounds: 62.6654 Expected min/max: [0, 62.548]
Feature 20 Violated Feature Bounds: 62.6654 Expected min/max: [0, 62.548]
Feature 7 Violated Feature Bounds: 63.1624 Expected min/max: [0, 62.548]
***** 11: Shutting down agent
***** 11: Agent --> Agent: 11, Type: SARSA, Training steps: 477830, Q-Table size: 3120
***** 8: Shutting down agent
***** 8: Agent --> Agent: 8, Type: SARSA, Training steps: 477830, Q-Table size: 2663
***** 7: Shutting down agent
***** 7: Agent --> Agent: 7, Type: SARSA, Training steps: 477830, Q-Table size: 2734
48]
Feature 20 Violated Feature Bounds: 65.0323 Expected min/max: [0, 62.548]
Feature 20 Violated Feature Bounds: 65.0323 Expected min/max: [0, 62.548]
Feature 20 Violated Feature Bounds: 65.0323 Expected min/max: [0, 62.548]
Feature 20 Violated Feature Bounds: 65.0323 Expected min/max: [0, 62.548]
Feature 20 Violated Feature Bounds: 65.0323 Expected min/max: [0, 62.548]
Feature 20 Violated Feature Bounds: 64.4288 Expected min/max: [0, 62.548]
Feature 20 Violated Feature Bounds: 64.4288 Expected min/max: [0, 62.548]
Feature 20 Violated Feature Bounds: 63.0825 Expected min/max: [0, 62.548]
Feature 20 Violated Feature Bounds: 63.0825 Expected min/max: [0, 62.548]
Feature 17 Violated Feature Bounds: 62.605 Expected min/max: [0, 62.548]
Feature 17 Violated Feature Bounds: 62.605 Expected min/max: [0, 62.548]
Feature 17 Violated Feature Bounds: 62.605 Expected min/max: [0, 62.548]
Feature Feature 17 Violated Feature Bounds: 64.7625 Expected min/max: [0, 62.548]
Feature 17 Violated Feature Bounds: 64.7625 Expected min/max: [0, 62.548]
Feature 17 Violated Feature Bounds: 64.7625 Expected min/max: [0, 62.548]
Feature 17 Violated Feature Bounds: 64.7625 Expected min/max: [0, 62.548]
Feature 17 Violated Feature Bounds: 64.7625 Expected min/max:***** 11: Shutting down agent
***** 11: Agent --> Agent: 11, Type: SARSA, Training steps: 466241, Q-Table size: 3172
***** 7: Shutting down agent
***** 7: Agent --> Agent: 7, Type: SARSA, Training steps: 466241, Q-Table size: 2895
***** 8: Shutting down agent
***** 8: Agent --> Agent: 8, Type: SARSA, Training steps: 466241, Q-Table size: 2735
63.9154 Expected min/max: [0, 62.548]
Feature 17 Violated Feature Bounds: 62.7531 Expected min/max: [0, 62.548]
Feature 17 Violated Feature Bounds: 62.7531 Expected min/max: [0, 62.548]
Feature 20 Violated Feature Bounds: 63.1694 Expected min/max: [0, 62.548]
Feature 20 Violated Feature Bounds: 63.1694 Expected min/max: [0, 62.548]
Feature 20 Violated Feature Bounds: 63.1694 Expected min/max: [0, 62.548]
Feature 20 Violated Feature Bounds: 63.1694 Expected min/max: [0, 62.548]
Feature 20 Violated Feature Bounds: 63.1694 Expected min/max: [0, 62.548]
Feature 20 Violated Feature Bounds: 63.1694 Expected min/max: [0, 62.548]
Feature 20 Violated Feature Bounds: 63.1694 Expected min/max: [0, 62.548]
Feature 20 Violated Feature Bounds: 63.1694 Expected min/max: [0, 62.548]
***** 11: Shutting down agent
***** 11: Agent --> Agent: 11, Type: SARSA, Training steps: 487169, Q-Table size: 3234
***** 7: Shutting down agent
***** 7: Agent --> Agent: 7, Type: SARSA, Training steps: 487169, Q-Table size: 2801
***** 8: Shutting down agent
***** 8: Agent --> Agent: 8, Type: SARSA, Training steps: 487169, Q-Table size: 2820
SA, Training steps: 478139, Q-Table size: 2742
***** 7: Shutting down agent
***** 7: Agent --> Agent: 7, Type: SARSA, Training steps: 478139, Q-Table size: 2831
, 62.548]
Feature 20 Violated Feature Bounds: 62.9849 Expected min/max: [0, 62.548]
Feature 20 Violated Feature Bounds: 62.9849 Expected min/max: [0, 62.548]
Fea***** 7: Shutting down agent
***** 7: Agent --> Agent: 7, Type: SARSA, Training steps: 463899, Q-Table size: 2636
***** 11: Shutting down agent
***** 11: Agent --> Agent: 11, Type: SARSA, Training steps: 463899, Q-Table size: 2964
***** 8: Shutting down agent
***** 8: Agent --> Agent: 8, Type: SARSA, Training steps: 463899, Q-Table size: 2590
 min/max: [0, 62.548]
***** 8: Shutting down agent
***** 8: Agent --> Agent: 8, Type: SARSA, Training steps: 478788, Q-Table size: 2720
***** 7: Shutting down agent
***** 7: Agent --> Agent: 7, Type: SARSA, Training steps: 478788, Q-Table size: 2751
***** 11: Shutting down agent
***** 11: Agent --> Agent: 11, Type: SARSA, Training steps: 478788, Q-Table size: 3101

Feature 17 Violated Feature Bounds: 64.0128 Expected min/max: [0, 62.548]
Feature 17 Violated Feature Bounds: 64.0128 Expected min/max: [0, 62.548]
Feature 17 Violated Feature Bounds: 63.6474 Expected min/max: [0, 62.548]
Feature 17 Violated Feature Bounds: 63.6474 Expected min/max: [0, 62.548]
Feature 17 Violated Feature Bounds: 62.7625 Expected min/max: [0, 62.548]
Feature 17 Violated Feature Bounds: 62.7625 Expected min/max: [0, 62.548]
Feature 17 Violated Feature Bounds: 62.7625 Expected min/max: [0, 62.548]
Feature 17 Violated Feature Bounds: 62.7625 Expected min/max: [0, 62.548]
Feature 17 Violated Feature Bounds: 62.7625 Expected min/max: [0, 62.548]
Feature 17 Violated Feature Bounds: 62.7625 Expected min/max: [0, 62.548]
Feature 17 Violated Feature Bounds: 62.7625 Expected min/max: [0, 62.548]
Feature 17 Violated Feature Bounds: 62.7625 Expected min/max: [0, 62.548]
Feature 17 Violated Feature Bounds: 63.9325 Expected min/max: [0, 62.548]
Feature 17 Violated Feature Bounds: 63.9325 Expected min/max: [0, 62.548]
Feature 17 Violated Feature Bounds: 63.9325 Expected min/max: [0, 62.548]
Feature 17 Violated Feature Bounds: 63.9325 Expected min/max: [0, 62.548]
Feature 17 Violated Feature Bounds: 63.9325 Expected min/max: [0, 62.548]
Feature 17 Violated Feature Bounds: 63.9325 Expected min/max: [0, 62.548]
Feature 17 Violated Feature Bounds: 63.9325 Expected min/max: [0, 62.548]
Feature 17 Violated Feature Bounds: 63.9325 Expected min/max: [0, 62.548]
Feature 17 Violated Feature Bounds: 62.7945 Expected min/max: [0, 62.548]
Feature 17 Violated Feature Bounds: 62.7945 Expected min/max: [0, 62.548]
Feature 20 Violated Feature Bounds: 64.5724 Expected min/max: [0, 62.548]
Feature 17 Violated Feature Bounds: 64.5724 Expected min/max: [0, 62.548]
Feature 17 Violated Feature Bounds: 64.5724 Expected min/max: [0, 62.548]
Feature 20 Violated Feature Bounds: 64.5724 Expected min/max: [0, 62.548]
Feature 20 Violated Feature Bounds: 64.5724 Expected min/max: [0, 62.548]
Feature 17 Violated Feature Bounds: 64.5724 Expected min/max: [0, 62.548]
Feature 17 Violated Feature Bounds: 64.5724 Expected min/max: [0, 62.548]
Feature 20 Violated Feature Bounds: 64.5724 Expected min/max: [0, 62.548]
Feature 17 Violated Feature Bounds: 64.0191 Expected min/max: [0, 62.548]
Feature 20 Violated Feature Bounds: 64.0191 Expected min/max: [0, 62.548]
Feature 17 Violated Feature Bounds: 62.7032 Expected min/max: [0, 62.548]
Feature 20 Violated Feature Bounds: 62.7032 Expected min/max: [0, 62.548]
Feature 17 Violated Feature Bounds: 63.4999 Expected min/max: [0, 62.548]
Feature 20 Violated Feature Bounds: 63.4999 Expected min/max: [0, 62.548]
Feature 17 Violated Feature Bounds: 63.4999 Expected min/max: [0, 62.548]
Feature 20 Violated Feature Bounds: 63.4999 Expected min/max: [0, 62.548]
Feature 17 Violated Feature Bounds: 63.4999 Expected min/max: [0, 62.548]
Feature 20 Violated Feature Bounds: 63.4999 Expected min/max: [0, 62.548]
Feature 20 Violated Feature Bounds: 63.4999 Expected min/max: [0, 62.548]
Feature 17 Violated Feature Bounds: 63.4999 Expected min/max: [0, 62.548]
Feature 17 Violated Feature Bounds: 62.5923 Expected min/max: [0, 62.548]
Feature 20 Violated Feature Bounds: 62.5923 Expected min/max: [0, 62.548]
***** 7: Shutting down agent
***** 7: Agent --> Agent: 7, Type: SARSA, Training steps: 464385, Q-Table size: 2781
***** 8: Shutting down agent
 ***** 11: Shutting down agent
***** 11: Agent --> Agent: 11, Type: SARSA, Training steps: 464385, Q-Table size: 3049
***** 8: Agent --> Agent: 8, Type: SARSA, Training steps: 464385, Q-Table size: 2741
